<?xml version="1.0" encoding="UTF-8"?>
<!-- Generated by org.testng.reporters.JUnitReportReporter -->
<testsuite skipped="0" hostname="LAPTOP-C59FTF51" name="tests.CompareCars" tests="1" failures="0" timestamp="2020-10-05T15:30:58 IST" time="66.974" errors="0">
  <testcase name="UseCase2" time="66.974" classname="tests.CompareCars"/>
  <system-out/>
</testsuite> <!-- tests.CompareCars -->
